Active-HDL 13.0.375.8320 2023-06-28 12:37:09

Elaboration top modules:
Architecture                  Behavioral(CoffeeMachine_TB)


----------------------------------------------------------------------------------------------------------
Entity           | Architecture | Library        | Info | Compiler Version          | Compilation Options
----------------------------------------------------------------------------------------------------------
CoffeeMachine_TB | Behavioral   | coffee_machine |      | 13.0.375.8320 (Windows64) | -O3
CoffeeMachine    | Behavioral   | coffee_machine |      | 13.0.375.8320 (Windows64) | -O3
----------------------------------------------------------------------------------------------------------

----------------------------------------------------------------------------------------------------------
VHDL Package                    | Library        | Info | Compiler Version          | Compilation Options
----------------------------------------------------------------------------------------------------------
standard                        | std            |      |                           | <unavailable>
TEXTIO                          | std            |      | 13.0.375.8320 (Windows64) |  -2019
std_logic_1164                  | ieee           |      | 13.0.375.8320 (Windows64) |  -2008
std_logic_arith                 | ieee           |      | 13.0.375.8320 (Windows64) | <unavailable>
STD_LOGIC_UNSIGNED              | ieee           |      | 13.0.375.8320 (Windows64) | <unavailable>
----------------------------------------------------------------------------------------------------------

----------------------------------------------------------------------------------------------------------
Library                         | Comment
----------------------------------------------------------------------------------------------------------
coffee_machine                  | None
ieee                            | Standard IEEE packages library
std                             | Standard VHDL library
----------------------------------------------------------------------------------------------------------
